<?xml version="1.0" encoding="UTF-8"?>
<!-- Generated by org.testng.reporters.JUnitReportReporter -->
<testsuite hostname="DESKTOP-DRTLADO" failures="0" tests="13" name="tests.CartTest" time="12.863" errors="0" timestamp="2026-06-30T16:54:17 IST" skipped="0">
  <testcase classname="tests.CartTest" name="createCartWithInvalidPayload" time="0.582"/>
  <testcase classname="tests.CartTest" name="updateCart" time="1.750"/>
  <testcase classname="tests.CartTest" name="loginTest" time="0.653"/>
  <testcase classname="tests.CartTest" name="deleteCart" time="0.649"/>
  <testcase classname="tests.CartTest" name="invalidLoginTest" time="0.763"/>
  <testcase classname="tests.CartTest" name="createCart" time="3.271"/>
  <testcase classname="tests.CartTest" name="createCartWithDifferentProducts" time="0.429"/>
  <testcase classname="tests.CartTest" name="getCartById" time="0.634"/>
  <testcase classname="tests.CartTest" name="invalidCartId" time="0.810"/>
  <testcase classname="tests.CartTest" name="validateCartSchema" time="1.231"/>
  <testcase classname="tests.CartTest" name="createCartWithDifferentProducts" time="0.588"/>
  <testcase classname="tests.CartTest" name="getAllCarts" time="0.632"/>
  <testcase classname="tests.CartTest" name="createCartWithDifferentProducts" time="0.871"/>
</testsuite> <!-- tests.CartTest -->
