<?xml version="1.0" encoding="UTF-8"?>
<!-- Generated by org.testng.reporters.JUnitXMLReporter -->
<testsuite ignored="0" hostname="DESKTOP-DRTLADO" failures="0" tests="13" name="Surefire test" time="12.954" errors="0" timestamp="2026-06-30T16:54:15 IST">
  <testcase classname="tests.CartTest" name="createCart" time="3.271"/>
  <testcase classname="tests.CartTest" name="createCartWithDifferentProducts" time="0.871"/>
  <testcase classname="tests.CartTest" name="createCartWithDifferentProducts" time="0.588"/>
  <testcase classname="tests.CartTest" name="createCartWithDifferentProducts" time="0.429"/>
  <testcase classname="tests.CartTest" name="createCartWithInvalidPayload" time="0.582"/>
  <testcase classname="tests.CartTest" name="deleteCart" time="0.649"/>
  <testcase classname="tests.CartTest" name="getAllCarts" time="0.632"/>
  <testcase classname="tests.CartTest" name="getCartById" time="0.634"/>
  <testcase classname="tests.CartTest" name="invalidCartId" time="0.81"/>
  <testcase classname="tests.CartTest" name="invalidLoginTest" time="0.763"/>
  <testcase classname="tests.CartTest" name="loginTest" time="0.653"/>
  <testcase classname="tests.CartTest" name="updateCart" time="1.75"/>
  <testcase classname="tests.CartTest" name="validateCartSchema" time="1.231"/>
</testsuite> <!-- Surefire test -->
