<?xml version="1.0" encoding="UTF-8"?>
<testng-results ignored="0" total="13" passed="13" failed="0" skipped="0">
  <reporter-output>
  </reporter-output>
  <suite started-at="2026-06-30T16:54:02 IST" name="Surefire suite" finished-at="2026-06-30T16:54:15 IST" duration-ms="12954">
    <groups>
    </groups>
    <test started-at="2026-06-30T16:54:02 IST" name="Surefire test" finished-at="2026-06-30T16:54:15 IST" duration-ms="12954">
      <class name="tests.CartTest">
        <test-method signature="createCart()[pri:0, instance:tests.CartTest@4278a03f]" started-at="2026-06-30T16:54:02 IST" name="createCart" finished-at="2026-06-30T16:54:06 IST" duration-ms="3271" status="PASS">
          <reporter-output>
          </reporter-output>
        </test-method> <!-- createCart -->
        <test-method signature="createCartWithDifferentProducts(int)[pri:0, instance:tests.CartTest@4278a03f]" started-at="2026-06-30T16:54:06 IST" name="createCartWithDifferentProducts" data-provider="productIds" finished-at="2026-06-30T16:54:07 IST" duration-ms="871" status="PASS">
          <params>
            <param index="0">
              <value>
                <![CDATA[1]]>
              </value>
            </param>
          </params>
          <reporter-output>
          </reporter-output>
        </test-method> <!-- createCartWithDifferentProducts -->
        <test-method signature="createCartWithDifferentProducts(int)[pri:0, instance:tests.CartTest@4278a03f]" started-at="2026-06-30T16:54:07 IST" name="createCartWithDifferentProducts" data-provider="productIds" finished-at="2026-06-30T16:54:07 IST" duration-ms="588" status="PASS">
          <params>
            <param index="0">
              <value>
                <![CDATA[5]]>
              </value>
            </param>
          </params>
          <reporter-output>
          </reporter-output>
        </test-method> <!-- createCartWithDifferentProducts -->
        <test-method signature="createCartWithDifferentProducts(int)[pri:0, instance:tests.CartTest@4278a03f]" started-at="2026-06-30T16:54:07 IST" name="createCartWithDifferentProducts" data-provider="productIds" finished-at="2026-06-30T16:54:08 IST" duration-ms="429" status="PASS">
          <params>
            <param index="0">
              <value>
                <![CDATA[10]]>
              </value>
            </param>
          </params>
          <reporter-output>
          </reporter-output>
        </test-method> <!-- createCartWithDifferentProducts -->
        <test-method signature="createCartWithInvalidPayload()[pri:0, instance:tests.CartTest@4278a03f]" started-at="2026-06-30T16:54:08 IST" name="createCartWithInvalidPayload" finished-at="2026-06-30T16:54:08 IST" duration-ms="582" status="PASS">
          <reporter-output>
          </reporter-output>
        </test-method> <!-- createCartWithInvalidPayload -->
        <test-method signature="deleteCart()[pri:0, instance:tests.CartTest@4278a03f]" started-at="2026-06-30T16:54:08 IST" name="deleteCart" finished-at="2026-06-30T16:54:09 IST" duration-ms="649" status="PASS">
          <reporter-output>
          </reporter-output>
        </test-method> <!-- deleteCart -->
        <test-method signature="getAllCarts()[pri:0, instance:tests.CartTest@4278a03f]" started-at="2026-06-30T16:54:09 IST" name="getAllCarts" finished-at="2026-06-30T16:54:10 IST" duration-ms="632" status="PASS">
          <reporter-output>
          </reporter-output>
        </test-method> <!-- getAllCarts -->
        <test-method signature="getCartById()[pri:0, instance:tests.CartTest@4278a03f]" started-at="2026-06-30T16:54:10 IST" name="getCartById" finished-at="2026-06-30T16:54:10 IST" duration-ms="634" status="PASS">
          <reporter-output>
          </reporter-output>
        </test-method> <!-- getCartById -->
        <test-method signature="invalidCartId()[pri:0, instance:tests.CartTest@4278a03f]" started-at="2026-06-30T16:54:10 IST" name="invalidCartId" finished-at="2026-06-30T16:54:11 IST" duration-ms="810" status="PASS">
          <reporter-output>
          </reporter-output>
        </test-method> <!-- invalidCartId -->
        <test-method signature="invalidLoginTest()[pri:0, instance:tests.CartTest@4278a03f]" started-at="2026-06-30T16:54:11 IST" name="invalidLoginTest" finished-at="2026-06-30T16:54:12 IST" duration-ms="763" status="PASS">
          <reporter-output>
          </reporter-output>
        </test-method> <!-- invalidLoginTest -->
        <test-method signature="loginTest()[pri:0, instance:tests.CartTest@4278a03f]" started-at="2026-06-30T16:54:12 IST" name="loginTest" finished-at="2026-06-30T16:54:12 IST" duration-ms="653" status="PASS">
          <reporter-output>
          </reporter-output>
        </test-method> <!-- loginTest -->
        <test-method signature="updateCart()[pri:0, instance:tests.CartTest@4278a03f]" started-at="2026-06-30T16:54:12 IST" name="updateCart" finished-at="2026-06-30T16:54:14 IST" duration-ms="1750" status="PASS">
          <reporter-output>
          </reporter-output>
        </test-method> <!-- updateCart -->
        <test-method signature="validateCartSchema()[pri:0, instance:tests.CartTest@4278a03f]" started-at="2026-06-30T16:54:14 IST" name="validateCartSchema" finished-at="2026-06-30T16:54:15 IST" duration-ms="1231" status="PASS">
          <reporter-output>
          </reporter-output>
        </test-method> <!-- validateCartSchema -->
      </class> <!-- tests.CartTest -->
    </test> <!-- Surefire test -->
  </suite> <!-- Surefire suite -->
</testng-results>
