<?xml version="1.0" encoding="UTF-8"?>
<testsuite xmlns:xsi="http://www.w3.org/2001/XMLSchema-instance" xsi:noNamespaceSchemaLocation="https://maven.apache.org/surefire/maven-surefire-plugin/xsd/surefire-test-report.xsd" version="3.0.2" name="tests.CartTest" time="14.775" tests="13" errors="0" skipped="0" failures="0">
  <properties>
[...]
</properties>
  <testcase name="createCart" classname="tests.CartTest" time="3.27">
    <system-out><![CDATA[Request method:	POST
Request URI:	https://fakestoreapi.com/carts
Proxy:			<none>
Request params:	<none>
Query params:	<none>
Form params:	<none>
Path params:	<none>
Headers:		Accept=*/*
				Content-Type=application/json
Cookies:		<none>
Multiparts:		<none>
Body:
{
    "userId": 5,
    "date": "2020-02-03",
    "products": [
        {
            "productId": 5,
            "quantity": 1
        }
    ]
}
HTTP/1.1 201 Created
Date: Tue, 30 Jun 2026 11:24:06 GMT
Content-Type: application/json; charset=utf-8
Content-Length: 82
Connection: keep-alive
Access-Control-Allow-Origin: *
Etag: W/"52-13ul1SQJZt3QyUScDPQ3GFAeSUc"
X-Powered-By: Express
Cf-Cache-Status: DYNAMIC
Report-To: {"group":"cf-nel","max_age":604800,"endpoints":[{"url":"https://a.nel.cloudflare.com/report/v4?s=a8%2FNb0PKM1djoN0b%2BCm9UI%2B1iEsan3Si8yTdN6EY6b2LJs8jni5U3hWM6IOVs3otZ88SrV1l6grCtyxN6zvFwknGmDec1o0zwe9FaHzvs3MmwcjBdY0Uh6MezerzgxQjkwwB"}]}
Nel: {"report_to":"cf-nel","success_fraction":0.0,"max_age":604800}
Server: cloudflare
CF-RAY: a13ccd7b0931f8fe-SIN
alt-svc: h3=":443"; ma=86400

{
    "id": 11,
    "userId": 5,
    "date": "2020-02-03",
    "products": [
        {
            "productId": 5,
            "quantity": 1
        }
    ]
}
]]></system-out>
    <system-err><![CDATA[SLF4J: Failed to load class "org.slf4j.impl.StaticLoggerBinder".
SLF4J: Defaulting to no-operation (NOP) logger implementation
SLF4J: See http://www.slf4j.org/codes.html#StaticLoggerBinder for further details.
]]></system-err>
  </testcase>
  <testcase name="createCartWithDifferentProducts[1](1)" classname="tests.CartTest" time="0.842">
    <system-out><![CDATA[HTTP/1.1 201 Created
Date: Tue, 30 Jun 2026 11:24:07 GMT
Content-Type: application/json; charset=utf-8
Content-Length: 82
Connection: keep-alive
Access-Control-Allow-Origin: *
Etag: W/"52-HyuhA1cZrmPawqFdwaYIQ6BqpIw"
X-Powered-By: Express
Cf-Cache-Status: DYNAMIC
Report-To: {"group":"cf-nel","max_age":604800,"endpoints":[{"url":"https://a.nel.cloudflare.com/report/v4?s=gxbSxC3ZS3iAHiolWaW9XhYPg3%2BjtF14d%2Fa58pgaQDuC%2BcW4%2B8wCu9pkgCzAl4T7j2VvVpf67qJBE%2FOZ1NVGbNGq4kxFEtIvzApSS%2BKVGkg%2FtCHJ502MnE%2B3MOwjCoGlcYRx"}]}
Nel: {"report_to":"cf-nel","success_fraction":0.0,"max_age":604800}
Server: cloudflare
CF-RAY: a13ccd81fd12cdec-SIN
alt-svc: h3=":443"; ma=86400

{
    "id": 11,
    "userId": 5,
    "date": "2020-02-03",
    "products": [
        {
            "productId": 1,
            "quantity": 1
        }
    ]
}
]]></system-out>
  </testcase>
  <testcase name="createCartWithDifferentProducts[5](2)" classname="tests.CartTest" time="0.583">
    <system-out><![CDATA[HTTP/1.1 201 Created
Date: Tue, 30 Jun 2026 11:24:08 GMT
Content-Type: application/json; charset=utf-8
Content-Length: 82
Connection: keep-alive
Access-Control-Allow-Origin: *
Etag: W/"52-13ul1SQJZt3QyUScDPQ3GFAeSUc"
X-Powered-By: Express
Cf-Cache-Status: DYNAMIC
Report-To: {"group":"cf-nel","max_age":604800,"endpoints":[{"url":"https://a.nel.cloudflare.com/report/v4?s=RiLd1X3%2Frr8%2FUhmL4jLv2rSq8mAxxqfeUmg24SZrDLmAUOUKE5h7rP6KOpbidW871zHZF0hBEqiATOhrxqbLhg1rU63yHNgAY%2Bgb3xB258z1pF4rXngY32XRiEMZFdQ2UOSD"}]}
Nel: {"report_to":"cf-nel","success_fraction":0.0,"max_age":604800}
Server: cloudflare
CF-RAY: a13ccd857cd5ce57-SIN
alt-svc: h3=":443"; ma=86400

{
    "id": 11,
    "userId": 5,
    "date": "2020-02-03",
    "products": [
        {
            "productId": 5,
            "quantity": 1
        }
    ]
}
]]></system-out>
  </testcase>
  <testcase name="createCartWithDifferentProducts[10](3)" classname="tests.CartTest" time="0.427">
    <system-out><![CDATA[HTTP/1.1 201 Created
Date: Tue, 30 Jun 2026 11:24:08 GMT
Content-Type: application/json; charset=utf-8
Content-Length: 83
Connection: keep-alive
Access-Control-Allow-Origin: *
Etag: W/"53-yRnkqfmv4rK0fiiwsihQRPpvg5o"
X-Powered-By: Express
Cf-Cache-Status: DYNAMIC
Report-To: {"group":"cf-nel","max_age":604800,"endpoints":[{"url":"https://a.nel.cloudflare.com/report/v4?s=gh0KbPob2CdlhSm3m7XzNNdzdct%2B%2F2RdwgHiLw%2Fg5O%2B7X0ooN2XBorXW89gY2KUKQlE5FcI6Z5b%2FowuZXMaGg0ygRyAuBTtn50uZqaic6fqB32d6%2Fx%2FoVTLCU6PWO1w8u7wi"}]}
Nel: {"report_to":"cf-nel","success_fraction":0.0,"max_age":604800}
Server: cloudflare
CF-RAY: a13ccd88af9dce89-SIN
alt-svc: h3=":443"; ma=86400

{
    "id": 11,
    "userId": 5,
    "date": "2020-02-03",
    "products": [
        {
            "productId": 10,
            "quantity": 1
        }
    ]
}
]]></system-out>
  </testcase>
  <testcase name="createCartWithInvalidPayload" classname="tests.CartTest" time="0.583">
    <system-out><![CDATA[HTTP/1.1 201 Created
Date: Tue, 30 Jun 2026 11:24:09 GMT
Content-Type: application/json; charset=utf-8
Content-Length: 9
Connection: keep-alive
Access-Control-Allow-Origin: *
Etag: W/"9-hVv0cNJophUD7CGn+ZqXp8tVGo0"
X-Powered-By: Express
Cf-Cache-Status: DYNAMIC
Report-To: {"group":"cf-nel","max_age":604800,"endpoints":[{"url":"https://a.nel.cloudflare.com/report/v4?s=4he1q1btRyg0%2FOX1zfxA2uEWpWbUfj2SvkrHnNRe21oO8uYnP8gz5tvz4smVix%2BzZQ6cpnAZJGhPUq86rwkXpSUsVeDbzeAFMPsLr18PsJ2haUKULXhDmiPBUBb3JhSNnBmU"}]}
Nel: {"report_to":"cf-nel","success_fraction":0.0,"max_age":604800}
Server: cloudflare
CF-RAY: a13ccd8c3c00ce05-SIN
alt-svc: h3=":443"; ma=86400

{
    "id": 11
}
]]></system-out>
  </testcase>
  <testcase name="deleteCart" classname="tests.CartTest" time="0.651">
    <system-out><![CDATA[HTTP/1.1 200 OK
Date: Tue, 30 Jun 2026 11:24:09 GMT
Content-Type: application/json; charset=utf-8
Transfer-Encoding: chunked
Connection: keep-alive
Access-Control-Allow-Origin: *
Etag: W/"86-J5ViySQfEeArCeSFoCYm7Fu5dlY"
X-Powered-By: Express
Cf-Cache-Status: DYNAMIC
Report-To: {"group":"cf-nel","max_age":604800,"endpoints":[{"url":"https://a.nel.cloudflare.com/report/v4?s=Ne4joZEf%2B0%2BFDevkMpF879yLmcmqGuIYz7oMuEpwqAp3%2ByVdFA44w3fXDttEbp5s7VXthE0FH7g%2BANa6BpIUk0GHFXDjhcsJJn9yJgheEM4EfDh%2B6ZYkdY4M14OtnwmZHLzI"}]}
Nel: {"report_to":"cf-nel","success_fraction":0.0,"max_age":604800}
Content-Encoding: gzip
Server: cloudflare
CF-RAY: a13ccd8f8e9bfce4-SIN
alt-svc: h3=":443"; ma=86400

{
    "id": 6,
    "userId": 4,
    "date": "2020-03-01T00:00:00.000Z",
    "products": [
        {
            "productId": 10,
            "quantity": 2
        },
        {
            "productId": 12,
            "quantity": 3
        }
    ],
    "__v": 0
}
]]></system-out>
  </testcase>
  <testcase name="getAllCarts" classname="tests.CartTest" time="0.627"/>
  <testcase name="getCartById" classname="tests.CartTest" time="0.634">
    <system-out><![CDATA[HTTP/1.1 200 OK
Date: Tue, 30 Jun 2026 11:24:11 GMT
Content-Type: application/json; charset=utf-8
Transfer-Encoding: chunked
Connection: keep-alive
Access-Control-Allow-Origin: *
Etag: W/"a1-wvAyaNKAHffOoZd5/I4wHuNFvSs"
X-Powered-By: Express
Cf-Cache-Status: DYNAMIC
Report-To: {"group":"cf-nel","max_age":604800,"endpoints":[{"url":"https://a.nel.cloudflare.com/report/v4?s=Q28fA8WcMYj%2F%2F769nUGFfWUX%2BvW8YQzSVHr0yh%2B7LbuF%2FTor29Ds9%2F5GxYYBZ4A1T5agE4mZLCEGdu3EIg6YM%2B738vVuKJwA%2FXYDpjA2tj4nIyng377d4no2kCs7HdOyVZ00"}]}
Nel: {"report_to":"cf-nel","success_fraction":0.0,"max_age":604800}
Content-Encoding: gzip
Server: cloudflare
CF-RAY: a13ccd977a921bd0-SIN
alt-svc: h3=":443"; ma=86400

{
    "id": 1,
    "userId": 1,
    "date": "2020-03-02T00:00:00.000Z",
    "products": [
        {
            "productId": 1,
            "quantity": 4
        },
        {
            "productId": 2,
            "quantity": 1
        },
        {
            "productId": 3,
            "quantity": 6
        }
    ],
    "__v": 0
}
]]></system-out>
  </testcase>
  <testcase name="invalidCartId" classname="tests.CartTest" time="0.814">
    <system-out><![CDATA[HTTP/1.1 200 OK
Date: Tue, 30 Jun 2026 11:24:11 GMT
Content-Type: application/json; charset=utf-8
Content-Length: 4
Connection: keep-alive
Access-Control-Allow-Origin: *
Etag: W/"4-K+iMpCQsduglOsYkdIUQZQMtaDM"
X-Powered-By: Express
Cf-Cache-Status: DYNAMIC
Report-To: {"group":"cf-nel","max_age":604800,"endpoints":[{"url":"https://a.nel.cloudflare.com/report/v4?s=INJT8U%2BBQYXm1tYV1U8ea%2FNcLwm%2BvJkWk%2B8EQxtHM9kvoFavWJBGIh84U85IoD9uF5aUs7WInLqeTLEfMtKVO8%2BAlBciZpDQAL%2B583O5odkbzgPbnnehCPjWkGOeoiTfH%2FSe"}]}
Nel: {"report_to":"cf-nel","success_fraction":0.0,"max_age":604800}
Server: cloudflare
CF-RAY: a13ccd9bbdc0f8ef-SIN
alt-svc: h3=":443"; ma=86400

null
]]></system-out>
  </testcase>
  <testcase name="invalidLoginTest" classname="tests.CartTest" time="0.768">
    <system-out><![CDATA[HTTP/1.1 401 Unauthorized
Date: Tue, 30 Jun 2026 11:24:12 GMT
Content-Type: text/html; charset=utf-8
Content-Length: 33
Connection: keep-alive
Access-Control-Allow-Origin: *
Etag: W/"21-kqEUlF5d6RRpf3XO8rj97canyAM"
X-Powered-By: Express
Cf-Cache-Status: DYNAMIC
Report-To: {"group":"cf-nel","max_age":604800,"endpoints":[{"url":"https://a.nel.cloudflare.com/report/v4?s=IrzukBdPAEZWrE4ODvFKQSxYUhVUVcIMMBwdG5MHrV5WrxpnWuJ1Lg4iO8PbJ8L9iovw1wsG0pramZiC49XxRYUia%2Br%2FiOd6KdURnEK67sXZSTsX%2FKlu6IDakQX8FBFlXAoN"}]}
Nel: {"report_to":"cf-nel","success_fraction":0.0,"max_age":604800}
Server: cloudflare
CF-RAY: a13ccda0991b62dc-SIN
alt-svc: h3=":443"; ma=86400

<html>
  <body>username or password is incorrect</body>
</html>
]]></system-out>
  </testcase>
  <testcase name="loginTest" classname="tests.CartTest" time="0.653">
    <system-out><![CDATA[HTTP/1.1 201 Created
Date: Tue, 30 Jun 2026 11:24:13 GMT
Content-Type: application/json; charset=utf-8
Content-Length: 152
Connection: keep-alive
Access-Control-Allow-Origin: *
Etag: W/"98-CswY8pwnxYYGuD5n5dQCNB06h/Y"
X-Powered-By: Express
Cf-Cache-Status: DYNAMIC
Report-To: {"group":"cf-nel","max_age":604800,"endpoints":[{"url":"https://a.nel.cloudflare.com/report/v4?s=xf2UeKxcv62mXjcAQjw%2B1mebsPBLrvsVRDY9aSAF99pz0znINybmWnYEdDlDBQTi4L%2FLYp%2B1IM3atTaXu8VXd%2Bfr%2BWobyrZGfFYaqAV%2BgnvkH1LtXEZ%2BT3l9Dq9wXkl4jB5A"}]}
Nel: {"report_to":"cf-nel","success_fraction":0.0,"max_age":604800}
Server: cloudflare
CF-RAY: a13ccda57da9ab61-SIN
alt-svc: h3=":443"; ma=86400

{
    "token": "eyJhbGciOiJIUzI1NiIsInR5cCI6IkpXVCJ9.eyJzdWIiOjIsInVzZXIiOiJtb3JfMjMxNCIsImlhdCI6MTc4MjgxODY1M30.manXpfjFjr-HeSZjgujoofVolABTeUgwsSs7GFzcYOg"
}
]]></system-out>
  </testcase>
  <testcase name="updateCart" classname="tests.CartTest" time="1.75">
    <system-out><![CDATA[HTTP/1.1 200 OK
Date: Tue, 30 Jun 2026 11:24:14 GMT
Content-Type: application/json; charset=utf-8
Transfer-Encoding: chunked
Connection: keep-alive
Access-Control-Allow-Origin: *
Etag: W/"51-xsSstFlFXCJF+GyqayMrJgDWuIA"
X-Powered-By: Express
Cf-Cache-Status: DYNAMIC
Report-To: {"group":"cf-nel","max_age":604800,"endpoints":[{"url":"https://a.nel.cloudflare.com/report/v4?s=0AD7vPoxC2e%2FQYffKyuVg5GcFOXIrG9PqxmixOlcLZ0c1DVW16yanqjiX86FEw%2F4gLz0PS36I7yiR4OBn2T6ICm4YI8aUcm8M4qBUOwmpGqo2vZgvztzEnMjYHWryfFU7JlU"}]}
Nel: {"report_to":"cf-nel","success_fraction":0.0,"max_age":604800}
Content-Encoding: gzip
Server: cloudflare
CF-RAY: a13ccdabcc39fd16-SIN
alt-svc: h3=":443"; ma=86400

{
    "id": 7,
    "userId": 1,
    "date": "2025-06-30",
    "products": [
        {
            "productId": 2,
            "quantity": 5
        }
    ]
}
]]></system-out>
  </testcase>
  <testcase name="validateCartSchema" classname="tests.CartTest" time="1.226"/>
</testsuite>